2020-05-09 15:59:22,691 ERROR: Exception on /index [GET] [in /Users/benliu/PycharmProjects/microblog/venv/lib/python3.7/site-packages/flask/app.py:1891]
Traceback (most recent call last):
  File "/Users/benliu/PycharmProjects/microblog/venv/lib/python3.7/site-packages/flask/app.py", line 2446, in wsgi_app
    response = self.full_dispatch_request()
  File "/Users/benliu/PycharmProjects/microblog/venv/lib/python3.7/site-packages/flask/app.py", line 1951, in full_dispatch_request
    rv = self.handle_user_exception(e)
  File "/Users/benliu/PycharmProjects/microblog/venv/lib/python3.7/site-packages/flask/app.py", line 1820, in handle_user_exception
    reraise(exc_type, exc_value, tb)
  File "/Users/benliu/PycharmProjects/microblog/venv/lib/python3.7/site-packages/flask/_compat.py", line 39, in reraise
    raise value
  File "/Users/benliu/PycharmProjects/microblog/venv/lib/python3.7/site-packages/flask/app.py", line 1949, in full_dispatch_request
    rv = self.dispatch_request()
  File "/Users/benliu/PycharmProjects/microblog/venv/lib/python3.7/site-packages/flask/app.py", line 1935, in dispatch_request
    return self.view_functions[rule.endpoint](**req.view_args)
  File "/Users/benliu/PycharmProjects/microblog/venv/lib/python3.7/site-packages/flask_login/utils.py", line 272, in decorated_view
    return func(*args, **kwargs)
  File "/Users/benliu/PycharmProjects/microblog/app/routes.py", line 45, in index
    return render_template('index.html', title='Home', form=form, posts=posts.items, next_url=next_url, prev_url=prev_url)
  File "/Users/benliu/PycharmProjects/microblog/venv/lib/python3.7/site-packages/flask/templating.py", line 140, in render_template
    ctx.app,
  File "/Users/benliu/PycharmProjects/microblog/venv/lib/python3.7/site-packages/flask/templating.py", line 120, in _render
    rv = template.render(context)
  File "/Users/benliu/PycharmProjects/microblog/venv/lib/python3.7/site-packages/jinja2/environment.py", line 1090, in render
    self.environment.handle_exception()
  File "/Users/benliu/PycharmProjects/microblog/venv/lib/python3.7/site-packages/jinja2/environment.py", line 832, in handle_exception
    reraise(*rewrite_traceback_stack(source=source))
  File "/Users/benliu/PycharmProjects/microblog/venv/lib/python3.7/site-packages/jinja2/_compat.py", line 28, in reraise
    raise value.with_traceback(tb)
  File "/Users/benliu/PycharmProjects/microblog/app/templates/index.html", line 1, in top-level template code
    {% extends "base.html" %}
  File "/Users/benliu/PycharmProjects/microblog/venv/lib/python3.7/site-packages/jinja2/environment.py", line 832, in handle_exception
    reraise(*rewrite_traceback_stack(source=source))
  File "/Users/benliu/PycharmProjects/microblog/venv/lib/python3.7/site-packages/jinja2/_compat.py", line 28, in reraise
    raise value.with_traceback(tb)
  File "/Users/benliu/PycharmProjects/microblog/app/templates/base.html", line 35, in template
    {% endblock %}
jinja2.exceptions.TemplateSyntaxError: Encountered unknown tag 'endblock'. You probably made a nesting mistake. Jinja is expecting this tag, but currently looking for 'elif' or 'else' or 'endif'. The innermost block that needs to be closed is 'if'.
2020-05-09 16:40:54,665 INFO: Microblog startup [in /Users/benliu/PycharmProjects/microblog/app/__init__.py:57]
2020-05-09 16:43:32,781 INFO: Microblog startup [in /Users/benliu/PycharmProjects/microblog/app/__init__.py:57]
2020-05-09 16:45:54,883 INFO: Microblog startup [in /Users/benliu/PycharmProjects/microblog/app/__init__.py:57]
2020-05-09 16:54:35,133 INFO: Microblog startup [in /Users/benliu/PycharmProjects/microblog/app/__init__.py:57]
2020-05-09 16:56:45,314 INFO: Microblog startup [in /Users/benliu/PycharmProjects/microblog/app/__init__.py:57]
2020-05-09 16:59:32,745 INFO: Microblog startup [in /Users/benliu/PycharmProjects/microblog/app/__init__.py:57]
2020-05-09 17:00:14,138 INFO: Microblog startup [in /Users/benliu/PycharmProjects/microblog/app/__init__.py:57]
2020-05-09 17:08:32,978 INFO: Microblog startup [in /Users/benliu/PycharmProjects/microblog/app/__init__.py:57]
2020-05-09 17:08:47,086 INFO: Microblog startup [in /Users/benliu/PycharmProjects/microblog/app/__init__.py:57]
2020-05-09 17:09:16,156 INFO: Microblog startup [in /Users/benliu/PycharmProjects/microblog/app/__init__.py:57]
2020-05-09 17:09:53,779 INFO: Microblog startup [in /Users/benliu/PycharmProjects/microblog/app/__init__.py:57]
2020-05-09 17:10:42,942 INFO: Microblog startup [in /Users/benliu/PycharmProjects/microblog/app/__init__.py:57]
2020-05-09 17:11:05,514 INFO: Microblog startup [in /Users/benliu/PycharmProjects/microblog/app/__init__.py:57]
2020-05-09 17:12:13,957 INFO: Microblog startup [in /Users/benliu/PycharmProjects/microblog/app/__init__.py:57]
2020-05-09 17:14:04,758 INFO: Microblog startup [in /Users/benliu/PycharmProjects/microblog/app/__init__.py:57]
2020-05-09 17:15:14,687 INFO: Microblog startup [in /Users/benliu/PycharmProjects/microblog/app/__init__.py:57]
2020-05-09 17:15:43,475 INFO: Microblog startup [in /Users/benliu/PycharmProjects/microblog/app/__init__.py:57]
2020-05-09 17:16:39,088 INFO: Microblog startup [in /Users/benliu/PycharmProjects/microblog/app/__init__.py:57]
2020-05-09 17:32:44,116 INFO: Microblog startup [in /Users/benliu/PycharmProjects/microblog/app/__init__.py:59]
2020-05-13 19:01:21,346 INFO: Microblog startup [in /Users/benliu/PycharmProjects/microblog/app/__init__.py:59]
2020-05-13 19:01:39,444 INFO: Microblog startup [in /Users/benliu/PycharmProjects/microblog/app/__init__.py:59]
2020-05-13 19:14:45,130 INFO: Microblog startup [in /Users/benliu/PycharmProjects/microblog/app/__init__.py:59]
2020-05-13 19:16:44,574 INFO: Microblog startup [in /Users/benliu/PycharmProjects/microblog/app/__init__.py:59]
